<?xml version="1.0" encoding="UTF-8"?>
<!-- Generated by org.testng.reporters.JUnitReportReporter -->
<testsuite hostname="DESKTOP-3BEJG3S" failures="0" tests="2" name="seleniumrevision.IframeEgg" time="67.994" errors="0" timestamp="2022-11-28T15:09:48 IST" skipped="0">
  <testcase classname="seleniumrevision.IframeEgg" name="verifyThatJmeterYouTubeLinkIsClikable" time="47.400"/>
  <system-out/>
  <testcase classname="seleniumrevision.IframeEgg" name="verifyThatEmailTextBoxAcceptText" time="20.594"/>
  <system-out/>
</testsuite> <!-- seleniumrevision.IframeEgg -->
